This file contains any messages produced by compilers while
running configure, to aid debugging if configure makes a mistake.

It was created by LibHTP configure 0.5.30, which was
generated by GNU Autoconf 2.69.  Invocation command line was

  $ ./configure 

## --------- ##
## Platform. ##
## --------- ##

hostname = user-PC
uname -m = i686
uname -r = 4.4.0-31-generic
uname -s = Linux
uname -v = #50~14.04.1-Ubuntu SMP Wed Jul 13 01:06:37 UTC 2016

/usr/bin/uname -p = unknown
/bin/uname -X     = unknown

/bin/arch              = unknown
/usr/bin/arch -k       = unknown
/usr/convex/getsysinfo = unknown
/usr/bin/hostinfo      = unknown
/bin/machine           = unknown
/usr/bin/oslevel       = unknown
/bin/universe          = unknown

PATH: /usr/local/sbin
PATH: /usr/local/bin
PATH: /usr/sbin
PATH: /usr/bin
PATH: /sbin
PATH: /bin
PATH: /usr/games
PATH: /usr/local/games


## ----------- ##
## Core tests. ##
## ----------- ##

configure:2401: checking for a BSD-compatible install
configure:2469: result: /usr/bin/install -c
configure:2480: checking whether build environment is sane
configure:2535: result: yes
configure:2686: checking for a thread-safe mkdir -p
configure:2725: result: /bin/mkdir -p
configure:2732: checking for gawk
configure:2762: result: no
configure:2732: checking for mawk
configure:2748: found /usr/bin/mawk
configure:2759: result: mawk
configure:2770: checking whether make sets $(MAKE)
configure:2792: result: yes
configure:2821: checking whether make supports nested variables
configure:2838: result: yes
configure:3097: checking for gcc
configure:3113: found /usr/local/bin/gcc
configure:3124: result: gcc
configure:3353: checking for C compiler version
configure:3362: gcc --version >&5
gcc (Ubuntu 4.8.4-2ubuntu1~14.04.4) 4.8.4
Copyright (C) 2013 Free Software Foundation, Inc.
This is free software; see the source for copying conditions.  There is NO
warranty; not even for MERCHANTABILITY or FITNESS FOR A PARTICULAR PURPOSE.

configure:3373: $? = 0
configure:3362: gcc -v >&5
Using built-in specs.
COLLECT_GCC=gcc
COLLECT_LTO_WRAPPER=/usr/lib/gcc/i686-linux-gnu/4.8/lto-wrapper
Target: i686-linux-gnu
Configured with: ../src/configure -v --with-pkgversion='Ubuntu 4.8.4-2ubuntu1~14.04.4' --with-bugurl=file:///usr/share/doc/gcc-4.8/README.Bugs --enable-languages=c,c++,java,go,d,fortran,objc,obj-c++ --prefix=/usr --program-suffix=-4.8 --enable-shared --enable-linker-build-id --libexecdir=/usr/lib --without-included-gettext --enable-threads=posix --with-gxx-include-dir=/usr/include/c++/4.8 --libdir=/usr/lib --enable-nls --with-sysroot=/ --enable-clocale=gnu --enable-libstdcxx-debug --enable-libstdcxx-time=yes --enable-gnu-unique-object --disable-libmudflap --enable-plugin --with-system-zlib --disable-browser-plugin --enable-java-awt=gtk --enable-gtk-cairo --with-java-home=/usr/lib/jvm/java-1.5.0-gcj-4.8-i386/jre --enable-java-home --with-jvm-root-dir=/usr/lib/jvm/java-1.5.0-gcj-4.8-i386 --with-jvm-jar-dir=/usr/lib/jvm-exports/java-1.5.0-gcj-4.8-i386 --with-arch-directory=i386 --with-ecj-jar=/usr/share/java/eclipse-ecj.jar --enable-objc-gc --enable-targets=all --enable-multiarch --disable-werror --with-arch-32=i686 --with-multilib-list=m32,m64,mx32 --with-tune=generic --enable-checking=release --build=i686-linux-gnu --host=i686-linux-gnu --target=i686-linux-gnu
Thread model: posix
gcc version 4.8.4 (Ubuntu 4.8.4-2ubuntu1~14.04.4) 
configure:3373: $? = 0
configure:3362: gcc -V >&5
gcc: error: unrecognized command line option '-V'
gcc: fatal error: no input files
compilation terminated.
configure:3373: $? = 4
configure:3362: gcc -qversion >&5
gcc: error: unrecognized command line option '-qversion'
gcc: fatal error: no input files
compilation terminated.
configure:3373: $? = 4
configure:3393: checking whether the C compiler works
configure:3415: gcc  -O2  -O2  conftest.c  >&5
configure:3419: $? = 0
configure:3467: result: yes
configure:3470: checking for C compiler default output file name
configure:3472: result: a.out
configure:3478: checking for suffix of executables
configure:3485: gcc -o conftest  -O2  -O2  conftest.c  >&5
configure:3489: $? = 0
configure:3511: result: 
configure:3533: checking whether we are cross compiling
configure:3541: gcc -o conftest  -O2  -O2  conftest.c  >&5
configure:3545: $? = 0
configure:3552: ./conftest
configure:3556: $? = 0
configure:3571: result: no
configure:3576: checking for suffix of object files
configure:3598: gcc -c  -O2  -O2 conftest.c >&5
configure:3602: $? = 0
configure:3623: result: o
configure:3627: checking whether we are using the GNU C compiler
configure:3646: gcc -c  -O2  -O2 conftest.c >&5
configure:3646: $? = 0
configure:3655: result: yes
configure:3664: checking whether gcc accepts -g
configure:3684: gcc -c -g  -O2 conftest.c >&5
configure:3684: $? = 0
configure:3725: result: yes
configure:3742: checking for gcc option to accept ISO C89
configure:3805: gcc  -c  -O2  -O2 conftest.c >&5
configure:3805: $? = 0
configure:3818: result: none needed
configure:3843: checking whether gcc understands -c and -o together
configure:3865: gcc -c conftest.c -o conftest2.o
configure:3868: $? = 0
configure:3865: gcc -c conftest.c -o conftest2.o
configure:3868: $? = 0
configure:3880: result: yes
configure:3908: checking for style of include used by make
configure:3936: result: GNU
configure:3962: checking dependency style of gcc
configure:4073: result: gcc3
configure:4147: checking for g++
configure:4163: found /usr/bin/g++
configure:4174: result: g++
configure:4201: checking for C++ compiler version
configure:4210: g++ --version >&5
g++ (Ubuntu 4.8.4-2ubuntu1~14.04.4) 4.8.4
Copyright (C) 2013 Free Software Foundation, Inc.
This is free software; see the source for copying conditions.  There is NO
warranty; not even for MERCHANTABILITY or FITNESS FOR A PARTICULAR PURPOSE.

configure:4221: $? = 0
configure:4210: g++ -v >&5
Using built-in specs.
COLLECT_GCC=g++
COLLECT_LTO_WRAPPER=/usr/lib/gcc/i686-linux-gnu/4.8/lto-wrapper
Target: i686-linux-gnu
Configured with: ../src/configure -v --with-pkgversion='Ubuntu 4.8.4-2ubuntu1~14.04.4' --with-bugurl=file:///usr/share/doc/gcc-4.8/README.Bugs --enable-languages=c,c++,java,go,d,fortran,objc,obj-c++ --prefix=/usr --program-suffix=-4.8 --enable-shared --enable-linker-build-id --libexecdir=/usr/lib --without-included-gettext --enable-threads=posix --with-gxx-include-dir=/usr/include/c++/4.8 --libdir=/usr/lib --enable-nls --with-sysroot=/ --enable-clocale=gnu --enable-libstdcxx-debug --enable-libstdcxx-time=yes --enable-gnu-unique-object --disable-libmudflap --enable-plugin --with-system-zlib --disable-browser-plugin --enable-java-awt=gtk --enable-gtk-cairo --with-java-home=/usr/lib/jvm/java-1.5.0-gcj-4.8-i386/jre --enable-java-home --with-jvm-root-dir=/usr/lib/jvm/java-1.5.0-gcj-4.8-i386 --with-jvm-jar-dir=/usr/lib/jvm-exports/java-1.5.0-gcj-4.8-i386 --with-arch-directory=i386 --with-ecj-jar=/usr/share/java/eclipse-ecj.jar --enable-objc-gc --enable-targets=all --enable-multiarch --disable-werror --with-arch-32=i686 --with-multilib-list=m32,m64,mx32 --with-tune=generic --enable-checking=release --build=i686-linux-gnu --host=i686-linux-gnu --target=i686-linux-gnu
Thread model: posix
gcc version 4.8.4 (Ubuntu 4.8.4-2ubuntu1~14.04.4) 
configure:4221: $? = 0
configure:4210: g++ -V >&5
g++: error: unrecognized command line option '-V'
g++: fatal error: no input files
compilation terminated.
configure:4221: $? = 4
configure:4210: g++ -qversion >&5
g++: error: unrecognized command line option '-qversion'
g++: fatal error: no input files
compilation terminated.
configure:4221: $? = 4
configure:4225: checking whether we are using the GNU C++ compiler
configure:4244: g++ -c   -O2 conftest.cpp >&5
configure:4244: $? = 0
configure:4253: result: yes
configure:4262: checking whether g++ accepts -g
configure:4282: g++ -c -g  -O2 conftest.cpp >&5
configure:4282: $? = 0
configure:4323: result: yes
configure:4348: checking dependency style of g++
configure:4459: result: gcc3
configure:4503: checking build system type
configure:4517: result: i686-pc-linux-gnu
configure:4537: checking host system type
configure:4550: result: i686-pc-linux-gnu
configure:4591: checking how to print strings
configure:4618: result: printf
configure:4639: checking for a sed that does not truncate output
configure:4703: result: /bin/sed
configure:4721: checking for grep that handles long lines and -e
configure:4779: result: /bin/grep
configure:4784: checking for egrep
configure:4846: result: /bin/grep -E
configure:4851: checking for fgrep
configure:4913: result: /bin/grep -F
configure:4948: checking for ld used by gcc
configure:5015: result: /usr/bin/ld
configure:5022: checking if the linker (/usr/bin/ld) is GNU ld
configure:5037: result: yes
configure:5049: checking for BSD- or MS-compatible name lister (nm)
configure:5098: result: /usr/bin/nm -B
configure:5228: checking the name lister (/usr/bin/nm -B) interface
configure:5235: gcc -c  -O2  -O2 conftest.c >&5
configure:5238: /usr/bin/nm -B "conftest.o"
configure:5241: output
00000000 B some_variable
configure:5248: result: BSD nm
configure:5251: checking whether ln -s works
configure:5255: result: yes
configure:5263: checking the maximum length of command line arguments
configure:5394: result: 1572864
configure:5411: checking whether the shell understands some XSI constructs
configure:5421: result: yes
configure:5425: checking whether the shell understands "+="
configure:5431: result: yes
configure:5466: checking how to convert i686-pc-linux-gnu file names to i686-pc-linux-gnu format
configure:5506: result: func_convert_file_noop
configure:5513: checking how to convert i686-pc-linux-gnu file names to toolchain format
configure:5533: result: func_convert_file_noop
configure:5540: checking for /usr/bin/ld option to reload object files
configure:5547: result: -r
configure:5621: checking for objdump
configure:5637: found /usr/bin/objdump
configure:5648: result: objdump
configure:5680: checking how to recognize dependent libraries
configure:5878: result: pass_all
configure:5963: checking for dlltool
configure:5993: result: no
configure:6023: checking how to associate runtime and link libraries
configure:6050: result: printf %s\n
configure:6111: checking for ar
configure:6127: found /usr/bin/ar
configure:6138: result: ar
configure:6175: checking for archiver @FILE support
configure:6192: gcc -c  -O2  -O2 conftest.c >&5
configure:6192: $? = 0
configure:6195: ar cru libconftest.a @conftest.lst >&5
configure:6198: $? = 0
configure:6203: ar cru libconftest.a @conftest.lst >&5
ar: conftest.o: No such file or directory
configure:6206: $? = 1
configure:6218: result: @
configure:6276: checking for strip
configure:6292: found /usr/bin/strip
configure:6303: result: strip
configure:6375: checking for ranlib
configure:6391: found /usr/bin/ranlib
configure:6402: result: ranlib
configure:6504: checking command to parse /usr/bin/nm -B output from gcc object
configure:6624: gcc -c  -O2  -O2 conftest.c >&5
configure:6627: $? = 0
configure:6631: /usr/bin/nm -B conftest.o \| sed -n -e 's/^.*[ ]\([ABCDGIRSTW][ABCDGIRSTW]*\)[ ][ ]*\([_A-Za-z][_A-Za-z0-9]*\)$/\1 \2 \2/p' | sed '/ __gnu_lto/d' \> conftest.nm
configure:6634: $? = 0
configure:6700: gcc -o conftest  -O2  -O2  conftest.c conftstm.o >&5
configure:6703: $? = 0
configure:6741: result: ok
configure:6778: checking for sysroot
configure:6808: result: no
configure:7077: checking for mt
configure:7093: found /bin/mt
configure:7104: result: mt
configure:7127: checking if mt is a manifest tool
configure:7133: mt '-?'
configure:7141: result: no
configure:7783: checking how to run the C preprocessor
configure:7814: gcc -E  -O2 conftest.c
configure:7814: $? = 0
configure:7828: gcc -E  -O2 conftest.c
conftest.c:11:28: fatal error: ac_nonexistent.h: No such file or directory
 #include <ac_nonexistent.h>
                            ^
compilation terminated.
configure:7828: $? = 1
configure: failed program was:
| /* confdefs.h */
| #define PACKAGE_NAME "LibHTP"
| #define PACKAGE_TARNAME "libhtp"
| #define PACKAGE_VERSION "0.5.30"
| #define PACKAGE_STRING "LibHTP 0.5.30"
| #define PACKAGE_BUGREPORT ""
| #define PACKAGE_URL ""
| #define PACKAGE "libhtp"
| #define VERSION "0.5.30"
| /* end confdefs.h.  */
| #include <ac_nonexistent.h>
configure:7853: result: gcc -E
configure:7873: gcc -E  -O2 conftest.c
configure:7873: $? = 0
configure:7887: gcc -E  -O2 conftest.c
conftest.c:11:28: fatal error: ac_nonexistent.h: No such file or directory
 #include <ac_nonexistent.h>
                            ^
compilation terminated.
configure:7887: $? = 1
configure: failed program was:
| /* confdefs.h */
| #define PACKAGE_NAME "LibHTP"
| #define PACKAGE_TARNAME "libhtp"
| #define PACKAGE_VERSION "0.5.30"
| #define PACKAGE_STRING "LibHTP 0.5.30"
| #define PACKAGE_BUGREPORT ""
| #define PACKAGE_URL ""
| #define PACKAGE "libhtp"
| #define VERSION "0.5.30"
| /* end confdefs.h.  */
| #include <ac_nonexistent.h>
configure:7916: checking for ANSI C header files
configure:7936: gcc -c  -O2  -O2 conftest.c >&5
configure:7936: $? = 0
configure:8009: gcc -o conftest  -O2  -O2  conftest.c  >&5
configure:8009: $? = 0
configure:8009: ./conftest
configure:8009: $? = 0
configure:8020: result: yes
configure:8033: checking for sys/types.h
configure:8033: gcc -c  -O2  -O2 conftest.c >&5
configure:8033: $? = 0
configure:8033: result: yes
configure:8033: checking for sys/stat.h
configure:8033: gcc -c  -O2  -O2 conftest.c >&5
configure:8033: $? = 0
configure:8033: result: yes
configure:8033: checking for stdlib.h
configure:8033: gcc -c  -O2  -O2 conftest.c >&5
configure:8033: $? = 0
configure:8033: result: yes
configure:8033: checking for string.h
configure:8033: gcc -c  -O2  -O2 conftest.c >&5
configure:8033: $? = 0
configure:8033: result: yes
configure:8033: checking for memory.h
configure:8033: gcc -c  -O2  -O2 conftest.c >&5
configure:8033: $? = 0
configure:8033: result: yes
configure:8033: checking for strings.h
configure:8033: gcc -c  -O2  -O2 conftest.c >&5
configure:8033: $? = 0
configure:8033: result: yes
configure:8033: checking for inttypes.h
configure:8033: gcc -c  -O2  -O2 conftest.c >&5
configure:8033: $? = 0
configure:8033: result: yes
configure:8033: checking for stdint.h
configure:8033: gcc -c  -O2  -O2 conftest.c >&5
configure:8033: $? = 0
configure:8033: result: yes
configure:8033: checking for unistd.h
configure:8033: gcc -c  -O2  -O2 conftest.c >&5
configure:8033: $? = 0
configure:8033: result: yes
configure:8047: checking for dlfcn.h
configure:8047: gcc -c  -O2  -O2 conftest.c >&5
configure:8047: $? = 0
configure:8047: result: yes
configure:8264: checking for objdir
configure:8279: result: .libs
configure:8550: checking if gcc supports -fno-rtti -fno-exceptions
configure:8568: gcc -c  -O2  -O2 -fno-rtti -fno-exceptions conftest.c >&5
cc1: warning: command line option '-fno-rtti' is valid for C++/ObjC++ but not for C [enabled by default]
configure:8572: $? = 0
configure:8585: result: no
configure:8912: checking for gcc option to produce PIC
configure:8919: result: -fPIC -DPIC
configure:8927: checking if gcc PIC flag -fPIC -DPIC works
configure:8945: gcc -c  -O2  -O2 -fPIC -DPIC -DPIC conftest.c >&5
configure:8949: $? = 0
configure:8962: result: yes
configure:8991: checking if gcc static flag -static works
configure:9019: result: yes
configure:9034: checking if gcc supports -c -o file.o
configure:9055: gcc -c  -O2  -O2 -o out/conftest2.o conftest.c >&5
configure:9059: $? = 0
configure:9081: result: yes
configure:9089: checking if gcc supports -c -o file.o
configure:9136: result: yes
configure:9169: checking whether the gcc linker (/usr/bin/ld) supports shared libraries
configure:10326: result: yes
configure:10363: checking whether -lc should be explicitly linked in
configure:10371: gcc -c  -O2  -O2 conftest.c >&5
configure:10374: $? = 0
configure:10389: gcc -shared  -fPIC -DPIC conftest.o  -v -Wl,-soname -Wl,conftest -o conftest 2\>\&1 \| /bin/grep  -lc  \>/dev/null 2\>\&1
configure:10392: $? = 0
configure:10406: result: no
configure:10566: checking dynamic linker characteristics
configure:11066: gcc -o conftest  -O2  -O2  -Wl,-rpath -Wl,/foo conftest.c  >&5
configure:11066: $? = 0
configure:11300: result: GNU/Linux ld.so
configure:11407: checking how to hardcode library paths into programs
configure:11432: result: immediate
configure:11972: checking whether stripping libraries is possible
configure:11977: result: yes
configure:12012: checking if libtool supports shared libraries
configure:12014: result: yes
configure:12017: checking whether to build shared libraries
configure:12038: result: yes
configure:12041: checking whether to build static libraries
configure:12045: result: yes
configure:12068: checking how to run the C++ preprocessor
configure:12095: g++ -E  -O2 conftest.cpp
configure:12095: $? = 0
configure:12109: g++ -E  -O2 conftest.cpp
conftest.cpp:23:28: fatal error: ac_nonexistent.h: No such file or directory
 #include <ac_nonexistent.h>
                            ^
compilation terminated.
configure:12109: $? = 1
configure: failed program was:
| /* confdefs.h */
| #define PACKAGE_NAME "LibHTP"
| #define PACKAGE_TARNAME "libhtp"
| #define PACKAGE_VERSION "0.5.30"
| #define PACKAGE_STRING "LibHTP 0.5.30"
| #define PACKAGE_BUGREPORT ""
| #define PACKAGE_URL ""
| #define PACKAGE "libhtp"
| #define VERSION "0.5.30"
| #define STDC_HEADERS 1
| #define HAVE_SYS_TYPES_H 1
| #define HAVE_SYS_STAT_H 1
| #define HAVE_STDLIB_H 1
| #define HAVE_STRING_H 1
| #define HAVE_MEMORY_H 1
| #define HAVE_STRINGS_H 1
| #define HAVE_INTTYPES_H 1
| #define HAVE_STDINT_H 1
| #define HAVE_UNISTD_H 1
| #define HAVE_DLFCN_H 1
| #define LT_OBJDIR ".libs/"
| /* end confdefs.h.  */
| #include <ac_nonexistent.h>
configure:12134: result: g++ -E
configure:12154: g++ -E  -O2 conftest.cpp
configure:12154: $? = 0
configure:12168: g++ -E  -O2 conftest.cpp
conftest.cpp:23:28: fatal error: ac_nonexistent.h: No such file or directory
 #include <ac_nonexistent.h>
                            ^
compilation terminated.
configure:12168: $? = 1
configure: failed program was:
| /* confdefs.h */
| #define PACKAGE_NAME "LibHTP"
| #define PACKAGE_TARNAME "libhtp"
| #define PACKAGE_VERSION "0.5.30"
| #define PACKAGE_STRING "LibHTP 0.5.30"
| #define PACKAGE_BUGREPORT ""
| #define PACKAGE_URL ""
| #define PACKAGE "libhtp"
| #define VERSION "0.5.30"
| #define STDC_HEADERS 1
| #define HAVE_SYS_TYPES_H 1
| #define HAVE_SYS_STAT_H 1
| #define HAVE_STDLIB_H 1
| #define HAVE_STRING_H 1
| #define HAVE_MEMORY_H 1
| #define HAVE_STRINGS_H 1
| #define HAVE_INTTYPES_H 1
| #define HAVE_STDINT_H 1
| #define HAVE_UNISTD_H 1
| #define HAVE_DLFCN_H 1
| #define LT_OBJDIR ".libs/"
| /* end confdefs.h.  */
| #include <ac_nonexistent.h>
configure:12337: checking for ld used by g++
configure:12404: result: /usr/bin/ld
configure:12411: checking if the linker (/usr/bin/ld) is GNU ld
configure:12426: result: yes
configure:12481: checking whether the g++ linker (/usr/bin/ld) supports shared libraries
configure:13483: result: yes
configure:13519: g++ -c -g -O2  -O2 conftest.cpp >&5
configure:13522: $? = 0
configure:14042: checking for g++ option to produce PIC
configure:14049: result: -fPIC -DPIC
configure:14057: checking if g++ PIC flag -fPIC -DPIC works
configure:14075: g++ -c -g -O2  -O2 -fPIC -DPIC -DPIC conftest.cpp >&5
configure:14079: $? = 0
configure:14092: result: yes
configure:14115: checking if g++ static flag -static works
configure:14143: result: yes
configure:14155: checking if g++ supports -c -o file.o
configure:14176: g++ -c -g -O2  -O2 -o out/conftest2.o conftest.cpp >&5
configure:14180: $? = 0
configure:14202: result: yes
configure:14207: checking if g++ supports -c -o file.o
configure:14254: result: yes
configure:14284: checking whether the g++ linker (/usr/bin/ld) supports shared libraries
configure:14323: result: yes
configure:14464: checking dynamic linker characteristics
configure:15132: result: GNU/Linux ld.so
configure:15185: checking how to hardcode library paths into programs
configure:15210: result: immediate
configure:15271: checking whether build environment is sane
configure:15326: result: yes
configure:15346: checking for strlcpy
configure:15346: gcc -o conftest   -O2  conftest.c  >&5
/tmp/ccVJbJGJ.o: In function `main':
conftest.c:(.text.startup+0x7): undefined reference to `strlcpy'
collect2: error: ld returned 1 exit status
configure:15346: $? = 1
configure: failed program was:
| /* confdefs.h */
| #define PACKAGE_NAME "LibHTP"
| #define PACKAGE_TARNAME "libhtp"
| #define PACKAGE_VERSION "0.5.30"
| #define PACKAGE_STRING "LibHTP 0.5.30"
| #define PACKAGE_BUGREPORT ""
| #define PACKAGE_URL ""
| #define PACKAGE "libhtp"
| #define VERSION "0.5.30"
| #define STDC_HEADERS 1
| #define HAVE_SYS_TYPES_H 1
| #define HAVE_SYS_STAT_H 1
| #define HAVE_STDLIB_H 1
| #define HAVE_STRING_H 1
| #define HAVE_MEMORY_H 1
| #define HAVE_STRINGS_H 1
| #define HAVE_INTTYPES_H 1
| #define HAVE_STDINT_H 1
| #define HAVE_UNISTD_H 1
| #define HAVE_DLFCN_H 1
| #define LT_OBJDIR ".libs/"
| /* end confdefs.h.  */
| /* Define strlcpy to an innocuous variant, in case <limits.h> declares strlcpy.
|    For example, HP-UX 11i <limits.h> declares gettimeofday.  */
| #define strlcpy innocuous_strlcpy
| 
| /* System header to define __stub macros and hopefully few prototypes,
|     which can conflict with char strlcpy (); below.
|     Prefer <limits.h> to <assert.h> if __STDC__ is defined, since
|     <limits.h> exists even on freestanding compilers.  */
| 
| #ifdef __STDC__
| # include <limits.h>
| #else
| # include <assert.h>
| #endif
| 
| #undef strlcpy
| 
| /* Override any GCC internal prototype to avoid an error.
|    Use char because int might match the return type of a GCC
|    builtin and then its argument prototype would still apply.  */
| #ifdef __cplusplus
| extern "C"
| #endif
| char strlcpy ();
| /* The GNU C library defines this for functions which it implements
|     to always fail with ENOSYS.  Some functions are actually named
|     something starting with __ and the normal name is an alias.  */
| #if defined __stub_strlcpy || defined __stub___strlcpy
| choke me
| #endif
| 
| int
| main ()
| {
| return strlcpy ();
|   ;
|   return 0;
| }
configure:15346: result: no
configure:15346: checking for strlcat
configure:15346: gcc -o conftest   -O2  conftest.c  >&5
/tmp/ccL0NT0I.o: In function `main':
conftest.c:(.text.startup+0x7): undefined reference to `strlcat'
collect2: error: ld returned 1 exit status
configure:15346: $? = 1
configure: failed program was:
| /* confdefs.h */
| #define PACKAGE_NAME "LibHTP"
| #define PACKAGE_TARNAME "libhtp"
| #define PACKAGE_VERSION "0.5.30"
| #define PACKAGE_STRING "LibHTP 0.5.30"
| #define PACKAGE_BUGREPORT ""
| #define PACKAGE_URL ""
| #define PACKAGE "libhtp"
| #define VERSION "0.5.30"
| #define STDC_HEADERS 1
| #define HAVE_SYS_TYPES_H 1
| #define HAVE_SYS_STAT_H 1
| #define HAVE_STDLIB_H 1
| #define HAVE_STRING_H 1
| #define HAVE_MEMORY_H 1
| #define HAVE_STRINGS_H 1
| #define HAVE_INTTYPES_H 1
| #define HAVE_STDINT_H 1
| #define HAVE_UNISTD_H 1
| #define HAVE_DLFCN_H 1
| #define LT_OBJDIR ".libs/"
| /* end confdefs.h.  */
| /* Define strlcat to an innocuous variant, in case <limits.h> declares strlcat.
|    For example, HP-UX 11i <limits.h> declares gettimeofday.  */
| #define strlcat innocuous_strlcat
| 
| /* System header to define __stub macros and hopefully few prototypes,
|     which can conflict with char strlcat (); below.
|     Prefer <limits.h> to <assert.h> if __STDC__ is defined, since
|     <limits.h> exists even on freestanding compilers.  */
| 
| #ifdef __STDC__
| # include <limits.h>
| #else
| # include <assert.h>
| #endif
| 
| #undef strlcat
| 
| /* Override any GCC internal prototype to avoid an error.
|    Use char because int might match the return type of a GCC
|    builtin and then its argument prototype would still apply.  */
| #ifdef __cplusplus
| extern "C"
| #endif
| char strlcat ();
| /* The GNU C library defines this for functions which it implements
|     to always fail with ENOSYS.  Some functions are actually named
|     something starting with __ and the normal name is an alias.  */
| #if defined __stub_strlcat || defined __stub___strlcat
| choke me
| #endif
| 
| int
| main ()
| {
| return strlcat ();
|   ;
|   return 0;
| }
configure:15346: result: no
configure:15357: checking zlib.h usability
configure:15357: gcc -c  -O2  -O2 conftest.c >&5
configure:15357: $? = 0
configure:15357: result: yes
configure:15357: checking zlib.h presence
configure:15357: gcc -E  -O2 conftest.c
configure:15357: $? = 0
configure:15357: result: yes
configure:15357: checking for zlib.h
configure:15357: result: yes
configure:15366: checking for inflate in -lz
configure:15391: gcc -o conftest  -O2  -O2  conftest.c -lz   >&5
configure:15391: $? = 0
configure:15400: result: yes
configure:15421: checking OS
configure:15458: result: Linux
configure:15557: checking for ld used by GCC
configure:15621: result: /usr/bin/ld
configure:15628: checking if the linker (/usr/bin/ld) is GNU ld
configure:15641: result: yes
configure:15648: checking for shared library run path origin
configure:15661: result: done
configure:16239: checking for iconv
configure:16261: gcc -o conftest  -O2  -O2  conftest.c -lz  >&5
configure:16261: $? = 0
configure:16293: result: yes
configure:16296: checking for working iconv
configure:16391: gcc -o conftest  -O2  -O2  conftest.c -lz  >&5
configure:16391: $? = 0
configure:16391: ./conftest
configure:16391: $? = 0
configure:16403: result: yes
configure:16431: checking for iconv declaration
configure:16460: gcc -c  -O2  -O2 conftest.c >&5
configure:16460: $? = 0
configure:16471: result:
         extern size_t iconv (iconv_t cd, char * *inbuf, size_t *inbytesleft, char * *outbuf, size_t *outbytesleft);
configure:16483: checking for gcc support of -Wstrict-overflow=1
configure:16498: gcc -c  -O2 -Wstrict-overflow=1  -O2 conftest.c >&5
configure:16498: $? = 0
configure:16504: result: yes
configure:16511: checking for gcc support of stack smashing protection
configure:16526: gcc -c  -O2 -Wstrict-overflow=1 -fstack-protector  -O2 conftest.c >&5
configure:16526: $? = 0
configure:16532: result: yes
configure:16539: checking for gcc support of FORTIFY_SOURCE
configure:16554: gcc -c  -O2 -Wstrict-overflow=1 -fstack-protector -D_FORTIFY_SOURCE=2  -O2 conftest.c >&5
configure:16554: $? = 0
configure:16560: result: yes
configure:16566: checking for gcc support of -Wformat -Wformat-security
configure:16581: gcc -c  -O2 -Wstrict-overflow=1 -fstack-protector -D_FORTIFY_SOURCE=2 -Wformat -Wformat-security  -O2 conftest.c >&5
configure:16581: $? = 0
configure:16587: result: yes
configure:16593: checking for gcc support of -fPIC
configure:16608: gcc -c  -O2 -Wstrict-overflow=1 -fstack-protector -D_FORTIFY_SOURCE=2 -Wformat -Wformat-security -fPIC  -O2 conftest.c >&5
configure:16608: $? = 0
configure:16614: result: yes
configure:16637: checking for doxygen
configure:16670: result: no
configure:16685: checking for lcov
configure:16716: result: no
configure:16840: checking that generated files are newer than configure
configure:16846: result: done
configure:16868: checking that generated files are newer than configure
configure:16874: result: done
configure:16881: creating ./config.status

## ---------------------- ##
## Running config.status. ##
## ---------------------- ##

This file was extended by LibHTP config.status 0.5.30, which was
generated by GNU Autoconf 2.69.  Invocation command line was

  CONFIG_FILES    = 
  CONFIG_HEADERS  = 
  CONFIG_LINKS    = 
  CONFIG_COMMANDS = 
  $ ./config.status 

on user-PC

config.status:1160: creating htp/htp_version.h
config.status:1160: creating Makefile
config.status:1160: creating htp.pc
config.status:1160: creating htp/Makefile
config.status:1160: creating test/Makefile
config.status:1160: creating docs/Makefile
config.status:1160: creating htp_config_auto_gen.h
config.status:1341: htp_config_auto_gen.h is unchanged
config.status:1389: executing depfiles commands
config.status:1389: executing libtool commands

## ---------------- ##
## Cache variables. ##
## ---------------- ##

ac_cv_build=i686-pc-linux-gnu
ac_cv_c_compiler_gnu=yes
ac_cv_cxx_compiler_gnu=yes
ac_cv_env_CCC_set=
ac_cv_env_CCC_value=
ac_cv_env_CC_set=
ac_cv_env_CC_value=
ac_cv_env_CFLAGS_set=
ac_cv_env_CFLAGS_value=
ac_cv_env_CPPFLAGS_set=
ac_cv_env_CPPFLAGS_value=
ac_cv_env_CPP_set=
ac_cv_env_CPP_value=
ac_cv_env_CXXCPP_set=
ac_cv_env_CXXCPP_value=
ac_cv_env_CXXFLAGS_set=
ac_cv_env_CXXFLAGS_value=
ac_cv_env_CXX_set=
ac_cv_env_CXX_value=
ac_cv_env_LDFLAGS_set=
ac_cv_env_LDFLAGS_value=
ac_cv_env_LIBS_set=
ac_cv_env_LIBS_value=
ac_cv_env_build_alias_set=
ac_cv_env_build_alias_value=
ac_cv_env_host_alias_set=
ac_cv_env_host_alias_value=
ac_cv_env_target_alias_set=
ac_cv_env_target_alias_value=
ac_cv_func_strlcat=no
ac_cv_func_strlcpy=no
ac_cv_header_dlfcn_h=yes
ac_cv_header_inttypes_h=yes
ac_cv_header_memory_h=yes
ac_cv_header_stdc=yes
ac_cv_header_stdint_h=yes
ac_cv_header_stdlib_h=yes
ac_cv_header_string_h=yes
ac_cv_header_strings_h=yes
ac_cv_header_sys_stat_h=yes
ac_cv_header_sys_types_h=yes
ac_cv_header_unistd_h=yes
ac_cv_header_zlib_h=yes
ac_cv_host=i686-pc-linux-gnu
ac_cv_lib_z_inflate=yes
ac_cv_objext=o
ac_cv_path_EGREP='/bin/grep -E'
ac_cv_path_FGREP='/bin/grep -F'
ac_cv_path_GREP=/bin/grep
ac_cv_path_LCOV=no
ac_cv_path_SED=/bin/sed
ac_cv_path_install='/usr/bin/install -c'
ac_cv_path_mkdir=/bin/mkdir
ac_cv_prog_AWK=mawk
ac_cv_prog_CPP='gcc -E'
ac_cv_prog_CXXCPP='g++ -E'
ac_cv_prog_ac_ct_AR=ar
ac_cv_prog_ac_ct_CC=gcc
ac_cv_prog_ac_ct_CXX=g++
ac_cv_prog_ac_ct_MANIFEST_TOOL=mt
ac_cv_prog_ac_ct_OBJDUMP=objdump
ac_cv_prog_ac_ct_RANLIB=ranlib
ac_cv_prog_ac_ct_STRIP=strip
ac_cv_prog_cc_c89=
ac_cv_prog_cc_g=yes
ac_cv_prog_cxx_g=yes
ac_cv_prog_make_make_set=yes
acl_cv_path_LD=/usr/bin/ld
acl_cv_prog_gnu_ld=yes
acl_cv_rpath=done
am_cv_CC_dependencies_compiler_type=gcc3
am_cv_CXX_dependencies_compiler_type=gcc3
am_cv_func_iconv=yes
am_cv_func_iconv_works=yes
am_cv_lib_iconv=no
am_cv_make_support_nested_variables=yes
am_cv_prog_cc_c_o=yes
am_cv_proto_iconv='extern size_t iconv (iconv_t cd, char * *inbuf, size_t *inbytesleft, char * *outbuf, size_t *outbytesleft);'
am_cv_proto_iconv_arg1=
lt_cv_ar_at_file=@
lt_cv_archive_cmds_need_lc=no
lt_cv_deplibs_check_method=pass_all
lt_cv_file_magic_cmd='$MAGIC_CMD'
lt_cv_file_magic_test_file=
lt_cv_ld_reload_flag=-r
lt_cv_nm_interface='BSD nm'
lt_cv_objdir=.libs
lt_cv_path_LD=/usr/bin/ld
lt_cv_path_LDCXX=/usr/bin/ld
lt_cv_path_NM='/usr/bin/nm -B'
lt_cv_path_mainfest_tool=no
lt_cv_prog_compiler_c_o=yes
lt_cv_prog_compiler_c_o_CXX=yes
lt_cv_prog_compiler_pic='-fPIC -DPIC'
lt_cv_prog_compiler_pic_CXX='-fPIC -DPIC'
lt_cv_prog_compiler_pic_works=yes
lt_cv_prog_compiler_pic_works_CXX=yes
lt_cv_prog_compiler_rtti_exceptions=no
lt_cv_prog_compiler_static_works=yes
lt_cv_prog_compiler_static_works_CXX=yes
lt_cv_prog_gnu_ld=yes
lt_cv_prog_gnu_ldcxx=yes
lt_cv_sharedlib_from_linklib_cmd='printf %s\n'
lt_cv_shlibpath_overrides_runpath=no
lt_cv_sys_global_symbol_pipe='sed -n -e '\''s/^.*[	 ]\([ABCDGIRSTW][ABCDGIRSTW]*\)[	 ][	 ]*\([_A-Za-z][_A-Za-z0-9]*\)$/\1 \2 \2/p'\'' | sed '\''/ __gnu_lto/d'\'''
lt_cv_sys_global_symbol_to_c_name_address='sed -n -e '\''s/^: \([^ ]*\)[ ]*$/  {\"\1\", (void *) 0},/p'\'' -e '\''s/^[ABCDGIRSTW]* \([^ ]*\) \([^ ]*\)$/  {"\2", (void *) \&\2},/p'\'''
lt_cv_sys_global_symbol_to_c_name_address_lib_prefix='sed -n -e '\''s/^: \([^ ]*\)[ ]*$/  {\"\1\", (void *) 0},/p'\'' -e '\''s/^[ABCDGIRSTW]* \([^ ]*\) \(lib[^ ]*\)$/  {"\2", (void *) \&\2},/p'\'' -e '\''s/^[ABCDGIRSTW]* \([^ ]*\) \([^ ]*\)$/  {"lib\2", (void *) \&\2},/p'\'''
lt_cv_sys_global_symbol_to_cdecl='sed -n -e '\''s/^T .* \(.*\)$/extern int \1();/p'\'' -e '\''s/^[ABCDGIRSTW]* .* \(.*\)$/extern char \1;/p'\'''
lt_cv_sys_max_cmd_len=1572864
lt_cv_to_host_file_cmd=func_convert_file_noop
lt_cv_to_tool_file_cmd=func_convert_file_noop

## ----------------- ##
## Output variables. ##
## ----------------- ##

ACLOCAL='${SHELL} /home/user/libhtp/missing aclocal-1.14'
AMDEPBACKSLASH='\'
AMDEP_FALSE='#'
AMDEP_TRUE=''
AMTAR='$${TAR-tar}'
AM_BACKSLASH='\'
AM_DEFAULT_V='$(AM_DEFAULT_VERBOSITY)'
AM_DEFAULT_VERBOSITY='1'
AM_V='$(V)'
AR='ar'
AUTOCONF='${SHELL} /home/user/libhtp/missing autoconf'
AUTOHEADER='${SHELL} /home/user/libhtp/missing autoheader'
AUTOMAKE='${SHELL} /home/user/libhtp/missing automake-1.14'
AWK='mawk'
CC='gcc'
CCDEPMODE='depmode=gcc3'
CFLAGS=' -O2 -Wstrict-overflow=1 -fstack-protector -D_FORTIFY_SOURCE=2 -Wformat -Wformat-security -fPIC'
CPP='gcc -E'
CPPFLAGS=' -O2'
CXX='g++'
CXXCPP='g++ -E'
CXXDEPMODE='depmode=gcc3'
CXXFLAGS='-g -O2'
CYGPATH_W='echo'
DEFS='-DHAVE_CONFIG_H'
DEPDIR='.deps'
DLLTOOL='false'
DOXYGEN=''
DSYMUTIL=''
DUMPBIN=''
ECHO_C=''
ECHO_N='-n'
ECHO_T=''
EGREP='/bin/grep -E'
EXEEXT=''
FGREP='/bin/grep -F'
GENERIC_LIBRARY_NAME='htp'
GENERIC_LIBRARY_VERSION='2:0:0'
GENERIC_RELEASE='0.5.30'
GENERIC_VERSION='0.5.30'
GREP='/bin/grep'
INSTALL_DATA='${INSTALL} -m 644'
INSTALL_PROGRAM='${INSTALL}'
INSTALL_SCRIPT='${INSTALL}'
INSTALL_STRIP_PROGRAM='$(install_sh) -c -s'
LCOV='no'
LD='/usr/bin/ld'
LDFLAGS=''
LIBICONV=''
LIBOBJS=''
LIBS='-lz '
LIBTOOL='$(SHELL) $(top_builddir)/libtool'
LIPO=''
LN_S='ln -s'
LTLIBICONV=''
LTLIBOBJS=''
MAKEINFO='${SHELL} /home/user/libhtp/missing makeinfo'
MANIFEST_TOOL=':'
MKDIR_P='/bin/mkdir -p'
NM='/usr/bin/nm -B'
NMEDIT=''
OBJDUMP='objdump'
OBJEXT='o'
OTOOL64=''
OTOOL=''
PACKAGE='htp'
PACKAGE_BUGREPORT=''
PACKAGE_NAME='LibHTP'
PACKAGE_STRING='LibHTP 0.5.30'
PACKAGE_TARNAME='libhtp'
PACKAGE_URL=''
PACKAGE_VERSION='0.5.30'
PATH_SEPARATOR=':'
RANLIB='ranlib'
SED='/bin/sed'
SET_MAKE=''
SHELL='/bin/bash'
STRIP='strip'
VERSION='0.5.30'
ac_ct_AR='ar'
ac_ct_CC='gcc'
ac_ct_CXX='g++'
ac_ct_DUMPBIN=''
am__EXEEXT_FALSE=''
am__EXEEXT_TRUE='#'
am__fastdepCC_FALSE='#'
am__fastdepCC_TRUE=''
am__fastdepCXX_FALSE='#'
am__fastdepCXX_TRUE=''
am__include='include'
am__isrc=''
am__leading_dot='.'
am__nodep='_no'
am__quote=''
am__tar='$${TAR-tar} chof - "$$tardir"'
am__untar='$${TAR-tar} xf -'
bindir='${exec_prefix}/bin'
build='i686-pc-linux-gnu'
build_alias=''
build_cpu='i686'
build_os='linux-gnu'
build_vendor='pc'
datadir='${datarootdir}'
datarootdir='${prefix}/share'
docdir='${datarootdir}/doc/${PACKAGE_TARNAME}'
doxygen=''
dvidir='${docdir}'
exec_prefix='${prefix}'
host='i686-pc-linux-gnu'
host_alias=''
host_cpu='i686'
host_os='linux-gnu'
host_vendor='pc'
htmldir='${docdir}'
includedir='${prefix}/include'
infodir='${datarootdir}/info'
install_sh='${SHELL} /home/user/libhtp/install-sh'
libdir='${exec_prefix}/lib'
libexecdir='${exec_prefix}/libexec'
localedir='${datarootdir}/locale'
localstatedir='${prefix}/var'
mandir='${datarootdir}/man'
mkdir_p='$(MKDIR_P)'
oldincludedir='/usr/include'
pdfdir='${docdir}'
prefix='/usr/local'
program_transform_name='s,x,x,'
psdir='${docdir}'
sbindir='${exec_prefix}/sbin'
sharedstatedir='${prefix}/com'
sysconfdir='${prefix}/etc'
target_alias=''

## ----------- ##
## confdefs.h. ##
## ----------- ##

/* confdefs.h */
#define PACKAGE_NAME "LibHTP"
#define PACKAGE_TARNAME "libhtp"
#define PACKAGE_VERSION "0.5.30"
#define PACKAGE_STRING "LibHTP 0.5.30"
#define PACKAGE_BUGREPORT ""
#define PACKAGE_URL ""
#define PACKAGE "libhtp"
#define VERSION "0.5.30"
#define STDC_HEADERS 1
#define HAVE_SYS_TYPES_H 1
#define HAVE_SYS_STAT_H 1
#define HAVE_STDLIB_H 1
#define HAVE_STRING_H 1
#define HAVE_MEMORY_H 1
#define HAVE_STRINGS_H 1
#define HAVE_INTTYPES_H 1
#define HAVE_STDINT_H 1
#define HAVE_UNISTD_H 1
#define HAVE_DLFCN_H 1
#define LT_OBJDIR ".libs/"
#define HAVE_LIBZ 1
#define HAVE_ICONV 1
#define ICONV_CONST 

configure: exit 0
