Performing C SOURCE FILE Test BROTLI_EMSCRIPTEN failed with the following output:
Change Dir: /home/user/brotli/bin/CMakeFiles/CMakeTmp

Run Build Command:/usr/bin/make "cmTryCompileExec1214040733/fast"
/usr/bin/make -f CMakeFiles/cmTryCompileExec1214040733.dir/build.make CMakeFiles/cmTryCompileExec1214040733.dir/build
make[1]: Entering directory `/home/user/brotli/bin/CMakeFiles/CMakeTmp'
/usr/bin/cmake -E cmake_progress_report /home/user/brotli/bin/CMakeFiles/CMakeTmp/CMakeFiles 1
Building C object CMakeFiles/cmTryCompileExec1214040733.dir/src.c.o
/usr/bin/cc   -DBROTLI_EMSCRIPTEN   -o CMakeFiles/cmTryCompileExec1214040733.dir/src.c.o   -c /home/user/brotli/bin/CMakeFiles/CMakeTmp/src.c
Linking C executable cmTryCompileExec1214040733
/usr/bin/cmake -E cmake_link_script CMakeFiles/cmTryCompileExec1214040733.dir/link.txt --verbose=1
/usr/bin/cc   -DBROTLI_EMSCRIPTEN    CMakeFiles/cmTryCompileExec1214040733.dir/src.c.o  -o cmTryCompileExec1214040733 -rdynamic 
/usr/lib/gcc/i686-linux-gnu/4.8/../../../i386-linux-gnu/crt1.o: In function `_start':
(.text+0x18): undefined reference to `main'
collect2: error: ld returned 1 exit status
make[1]: Leaving directory `/home/user/brotli/bin/CMakeFiles/CMakeTmp'
make[1]: *** [cmTryCompileExec1214040733] Error 1
make: *** [cmTryCompileExec1214040733/fast] Error 2

Source file was:
#if defined(__EMSCRIPTEN__)
   int main() {return 0;}
   #endif
Determining if the function log2 exists failed with the following output:
Change Dir: /home/user/brotli/bin/CMakeFiles/CMakeTmp

Run Build Command:/usr/bin/make "cmTryCompileExec3842947813/fast"
/usr/bin/make -f CMakeFiles/cmTryCompileExec3842947813.dir/build.make CMakeFiles/cmTryCompileExec3842947813.dir/build
make[1]: Entering directory `/home/user/brotli/bin/CMakeFiles/CMakeTmp'
/usr/bin/cmake -E cmake_progress_report /home/user/brotli/bin/CMakeFiles/CMakeTmp/CMakeFiles 1
Building C object CMakeFiles/cmTryCompileExec3842947813.dir/CheckFunctionExists.c.o
/usr/bin/cc   -DCHECK_FUNCTION_EXISTS=log2   -o CMakeFiles/cmTryCompileExec3842947813.dir/CheckFunctionExists.c.o   -c /usr/share/cmake-2.8/Modules/CheckFunctionExists.c
<command-line>:0:23: warning: conflicting types for built-in function ‘log2’ [enabled by default]
/usr/share/cmake-2.8/Modules/CheckFunctionExists.c:3:6: note: in expansion of macro ‘CHECK_FUNCTION_EXISTS’
 char CHECK_FUNCTION_EXISTS();
      ^
Linking C executable cmTryCompileExec3842947813
/usr/bin/cmake -E cmake_link_script CMakeFiles/cmTryCompileExec3842947813.dir/link.txt --verbose=1
/usr/bin/cc   -DCHECK_FUNCTION_EXISTS=log2    CMakeFiles/cmTryCompileExec3842947813.dir/CheckFunctionExists.c.o  -o cmTryCompileExec3842947813 -rdynamic 
CMakeFiles/cmTryCompileExec3842947813.dir/CheckFunctionExists.c.o: In function `main':
CheckFunctionExists.c:(.text+0x7): undefined reference to `log2'
collect2: error: ld returned 1 exit status
make[1]: Leaving directory `/home/user/brotli/bin/CMakeFiles/CMakeTmp'
make[1]: *** [cmTryCompileExec3842947813] Error 1
make: *** [cmTryCompileExec3842947813/fast] Error 2


